<?xml version="1.0" encoding="UTF-8"?>
<testsuites name="Test Suite EdenorBot" time="35" tests="1" failures="0" errors="0">
   <testsuite name="Test Suite EdenorBot" tests="1" failures="0" errors="0" time="35" timestamp="2018-12-29 11:13:42" hostname="marce - FOLIO" id="Test Suites/Test Suite EdenorBot">
      <properties>
         <property name="deviceName" value=""/>
         <property name="devicePlatform" value=""/>
         <property name="logFolder" value="C:\\Katalon\\Bot\\Reports\\Test Suite EdenorBot\\20181229_111329"/>
         <property name="logFiles" value="C:\\Katalon\\Bot\\Reports\\Test Suite EdenorBot\\20181229_111329\\execution0.log"/>
         <property name="attachments" value=""/>
         <property name="hostName" value="marce - FOLIO"/>
         <property name="os" value="Windows 10 64bit"/>
         <property name="katalonVersion" value="5.9.1.2"/>
         <property name="browser" value="Firefox 64.0"/>
         <property name="hostAddress" value="192.168.56.1"/>
         <property name="sessionId" value="6b0df6c3-1029-4602-8fe5-50a7d57a5240"/>
         <property name="seleniumVersion" value="3.7.1"/>
         <property name="proxyInformation" value="ProxyInformation{proxyOption=NO_PROXY, proxyServerType=HTTP, password=, proxyServerAddress=, proxyServerPort=0}"/>
         <property name="platform" value="Windows 10"/>
      </properties>
      <testcase name="Test Cases/EdenorBOT" classname="Test Cases/EdenorBOT" status="PASSED">
         <system-out><![CDATA[2018-12-29 11:13:43 - [TEST_CASE][PASSED] - Test Cases/EdenorBOT: Test Cases/EdenorBOT

2018-12-29 11:13:44 - [TEST_STEP][PASSED] - openBrowser(""): Browser is opened with url: ''

2018-12-29 11:13:44 - [MESSAGE][INFO] - Starting 'Firefox' driver

2018-12-29 11:13:44 - [MESSAGE][INFO] - Action delay is set to 0 seconds

2018-12-29 11:13:51 - [MESSAGE][PASSED] - Browser is opened with url: ''

2018-12-29 11:13:51 - [TEST_STEP][PASSED] - navigateToUrl("http://www.edenor.com.ar/cms/SP/CLI/home.html"): Navigate to 'http://www.edenor.com.ar/cms/SP/CLI/home.html' successfully

2018-12-29 11:13:57 - [MESSAGE][PASSED] - Navigate to 'http://www.edenor.com.ar/cms/SP/CLI/home.html' successfully

2018-12-29 11:13:57 - [TEST_STEP][PASSED] - waitForElementClickable(findTestObject("Object Repository/BOT/Page_Edenor Clientes/img"), 0): Object 'Object Repository/BOT/Page_Edenor Clientes/img' is clickable

2018-12-29 11:13:58 - [MESSAGE][WARNING] - Timeout '0' is invalid. Using default page load timeout: '30'

2018-12-29 11:13:58 - [MESSAGE][PASSED] - Object 'Object Repository/BOT/Page_Edenor Clientes/img' is clickable

2018-12-29 11:13:58 - [TEST_STEP][PASSED] - click(findTestObject("Object Repository/BOT/Page_Edenor Clientes/img")): Object: 'Object Repository/BOT/Page_Edenor Clientes/img' is clicked on

2018-12-29 11:13:58 - [MESSAGE][PASSED] - Object: 'Object Repository/BOT/Page_Edenor Clientes/img' is clicked on

2018-12-29 11:13:58 - [TEST_STEP][PASSED] - waitForElementPresent(findTestObject("Object Repository/BOT/Page_Edenor Clientes/div_Hola soy el asistente virt"), 0): Object 'Object Repository/BOT/Page_Edenor Clientes/div_Hola soy el asistente virt' is present

2018-12-29 11:13:58 - [MESSAGE][WARNING] - Timeout '0' is invalid. Using default page load timeout: '30'

2018-12-29 11:13:58 - [MESSAGE][PASSED] - Object 'Object Repository/BOT/Page_Edenor Clientes/div_Hola soy el asistente virt' is present

2018-12-29 11:13:58 - [TEST_STEP][PASSED] - setText(findTestObject("Object Repository/BOT/Page_Edenor Clientes/input_Hola_wdrgy-wc-shellinput"), "Hola"): Text 'Hola' is set on object 'Object Repository/BOT/Page_Edenor Clientes/input_Hola_wdrgy-wc-shellinput'

2018-12-29 11:13:59 - [MESSAGE][PASSED] - Text 'Hola' is set on object 'Object Repository/BOT/Page_Edenor Clientes/input_Hola_wdrgy-wc-shellinput'

2018-12-29 11:13:59 - [TEST_STEP][PASSED] - click(findTestObject("Object Repository/BOT/Page_Edenor Clientes/img_edenor_wdrgy-console-icon")): Object: 'Object Repository/BOT/Page_Edenor Clientes/img_edenor_wdrgy-console-icon' is clicked on

2018-12-29 11:13:59 - [MESSAGE][PASSED] - Object: 'Object Repository/BOT/Page_Edenor Clientes/img_edenor_wdrgy-console-icon' is clicked on

2018-12-29 11:13:59 - [TEST_STEP][PASSED] - verifyElementPresent(findTestObject("Object Repository/BOT/Page_Edenor Clientes/p_Hola Espero que ests muy bie"), 0): Object 'Object Repository/BOT/Page_Edenor Clientes/p_Hola Espero que ests muy bie' is present

2018-12-29 11:13:59 - [MESSAGE][WARNING] - Timeout '0' is invalid. Using default page load timeout: '30'

2018-12-29 11:14:00 - [MESSAGE][PASSED] - Object 'Object Repository/BOT/Page_Edenor Clientes/p_Hola Espero que ests muy bie' is present

2018-12-29 11:14:00 - [TEST_STEP][PASSED] - delay(5): Delayed 5 second(s)

2018-12-29 11:14:05 - [MESSAGE][PASSED] - Delayed 5 second(s)

2018-12-29 11:14:05 - [TEST_STEP][PASSED] - setText(findTestObject("Object Repository/BOT/Page_Edenor Clientes/input_Resolv tu consulta_wdrgy"), "Informacion"): Text 'Informacion' is set on object 'Object Repository/BOT/Page_Edenor Clientes/input_Resolv tu consulta_wdrgy'

2018-12-29 11:14:05 - [MESSAGE][PASSED] - Text 'Informacion' is set on object 'Object Repository/BOT/Page_Edenor Clientes/input_Resolv tu consulta_wdrgy'

2018-12-29 11:14:05 - [TEST_STEP][PASSED] - click(findTestObject("Object Repository/BOT/Page_Edenor Clientes/img_Resolv tu consulta_wdrgy-c")): Object: 'Object Repository/BOT/Page_Edenor Clientes/img_Resolv tu consulta_wdrgy-c' is clicked on

2018-12-29 11:14:06 - [MESSAGE][PASSED] - Object: 'Object Repository/BOT/Page_Edenor Clientes/img_Resolv tu consulta_wdrgy-c' is clicked on

2018-12-29 11:14:06 - [TEST_STEP][PASSED] - delay(5): Delayed 5 second(s)

2018-12-29 11:14:11 - [MESSAGE][PASSED] - Delayed 5 second(s)

2018-12-29 11:14:11 - [TEST_STEP][PASSED] - waitForElementVisible(findTestObject("Object Repository/BOT/Page_Edenor Clientes/p_MIDE es la nueva forma de co"), 0): Object 'Object Repository/BOT/Page_Edenor Clientes/p_MIDE es la nueva forma de co' is visible

2018-12-29 11:14:11 - [MESSAGE][WARNING] - Timeout '0' is invalid. Using default page load timeout: '30'

2018-12-29 11:14:11 - [MESSAGE][PASSED] - Object 'Object Repository/BOT/Page_Edenor Clientes/p_MIDE es la nueva forma de co' is visible

2018-12-29 11:14:11 - [TEST_STEP][PASSED] - setText(findTestObject("Object Repository/BOT/Page_Edenor Clientes/input_Resolv tu consulta_wdrgy"), "Gracias"): Text 'Gracias' is set on object 'Object Repository/BOT/Page_Edenor Clientes/input_Resolv tu consulta_wdrgy'

2018-12-29 11:14:11 - [MESSAGE][PASSED] - Text 'Gracias' is set on object 'Object Repository/BOT/Page_Edenor Clientes/input_Resolv tu consulta_wdrgy'

2018-12-29 11:14:11 - [TEST_STEP][PASSED] - click(findTestObject("Object Repository/BOT/Page_Edenor Clientes/img_Resolv tu consulta_wdrgy-c")): Object: 'Object Repository/BOT/Page_Edenor Clientes/img_Resolv tu consulta_wdrgy-c' is clicked on

2018-12-29 11:14:11 - [MESSAGE][PASSED] - Object: 'Object Repository/BOT/Page_Edenor Clientes/img_Resolv tu consulta_wdrgy-c' is clicked on

2018-12-29 11:14:11 - [TEST_STEP][PASSED] - delay(5): Delayed 5 second(s)

2018-12-29 11:14:16 - [MESSAGE][PASSED] - Delayed 5 second(s)

2018-12-29 11:14:16 - [TEST_STEP][PASSED] - closeBrowser(): Browser is closed

2018-12-29 11:14:18 - [MESSAGE][PASSED] - Browser is closed]]></system-out>
         <system-err><![CDATA[]]></system-err>
      </testcase>
      <system-out><![CDATA[2018-12-29 11:13:42 - [TEST_SUITE][PASSED] - Test Suite EdenorBot: Test Cases/EdenorBOT]]></system-out>
      <system-err><![CDATA[]]></system-err>
   </testsuite>
</testsuites>
