<?xml version="1.0" encoding="UTF-8"?>
<testsuites name="New Test Suite" time="1" tests="0" failures="0" errors="0">
   <testsuite name="New Test Suite" tests="0" failures="0" errors="0" time="1" timestamp="2019-01-05 14:48:00" hostname="marce - FOLIO" id="Test Suites/New Test Suite">
      <properties>
         <property name="deviceName" value=""/>
         <property name="devicePlatform" value=""/>
         <property name="logFolder" value="C:\\Katalon\\Bot\\Reports\\New Test Suite\\20190105_144757"/>
         <property name="logFiles" value="C:\\Katalon\\Bot\\Reports\\New Test Suite\\20190105_144757\\execution0.log"/>
         <property name="attachments" value=""/>
         <property name="hostName" value="marce - FOLIO"/>
         <property name="hostAddress" value="192.168.56.1"/>
         <property name="os" value="Windows 10 64bit"/>
         <property name="katalonVersion" value="5.10.1.1"/>
      </properties>
      <system-out><![CDATA[2019-01-05 14:48:00 - [TEST_SUITE][PASSED] - New Test Suite: null]]></system-out>
      <system-err><![CDATA[]]></system-err>
   </testsuite>
</testsuites>
