<?xml version="1.0" encoding="UTF-8"?>
<testsuites name="New Test Suite" time="32" tests="1" failures="0" errors="0">
   <testsuite name="New Test Suite" tests="1" failures="0" errors="0" time="32" timestamp="2019-01-06 15:04:48" hostname="marce - FOLIO" id="Test Suites/New Test Suite">
      <properties>
         <property name="deviceName" value=""/>
         <property name="devicePlatform" value=""/>
         <property name="logFolder" value="C:\\Katalon\\Bot\\Reports\\New Test Suite\\20190106_150439"/>
         <property name="logFiles" value="C:\\Katalon\\Bot\\Reports\\New Test Suite\\20190106_150439\\execution0.log"/>
         <property name="attachments" value=""/>
         <property name="hostName" value="marce - FOLIO"/>
         <property name="os" value="Windows 10 64bit"/>
         <property name="katalonVersion" value="5.10.1.1"/>
         <property name="browser" value="Firefox 64.0"/>
         <property name="hostAddress" value="192.168.56.1"/>
         <property name="sessionId" value="889e0736-53f3-42d5-bc5d-fe94f9570e86"/>
         <property name="seleniumVersion" value="3.7.1"/>
         <property name="proxyInformation" value="ProxyInformation{proxyOption=NO_PROXY, proxyServerType=HTTP, password=, proxyServerAddress=, proxyServerPort=0}"/>
         <property name="platform" value="Windows 10"/>
      </properties>
      <testcase name="Test Cases/EdenorBOT" classname="Test Cases/EdenorBOT" status="PASSED">
         <system-out><![CDATA[2019-01-06 15:04:49 - [TEST_CASE][PASSED] - Test Cases/EdenorBOT: Test Cases/EdenorBOT

2019-01-06 15:04:49 - [TEST_STEP][PASSED] - openBrowser(""): Browser is opened with url: ''

2019-01-06 15:04:50 - [MESSAGE][INFO] - Starting 'Firefox' driver

2019-01-06 15:04:50 - [MESSAGE][INFO] - Action delay is set to 0 seconds

2019-01-06 15:04:56 - [MESSAGE][PASSED] - Browser is opened with url: ''

2019-01-06 15:04:56 - [TEST_STEP][PASSED] - navigateToUrl("http://www.edenor.com.ar/cms/SP/CLI/home.html"): Navigate to 'http://www.edenor.com.ar/cms/SP/CLI/home.html' successfully

2019-01-06 15:05:00 - [MESSAGE][PASSED] - Navigate to 'http://www.edenor.com.ar/cms/SP/CLI/home.html' successfully

2019-01-06 15:05:00 - [TEST_STEP][PASSED] - waitForElementClickable(findTestObject("Object Repository/BOT/Page_Edenor Clientes/img"), 0): Object 'Object Repository/BOT/Page_Edenor Clientes/img' is clickable

2019-01-06 15:05:00 - [MESSAGE][WARNING] - Timeout '0' is invalid. Using default page load timeout: '30'

2019-01-06 15:05:00 - [MESSAGE][PASSED] - Object 'Object Repository/BOT/Page_Edenor Clientes/img' is clickable

2019-01-06 15:05:00 - [TEST_STEP][PASSED] - click(findTestObject("Object Repository/BOT/Page_Edenor Clientes/img")): Object: 'Object Repository/BOT/Page_Edenor Clientes/img' is clicked on

2019-01-06 15:05:00 - [MESSAGE][PASSED] - Object: 'Object Repository/BOT/Page_Edenor Clientes/img' is clicked on

2019-01-06 15:05:00 - [TEST_STEP][PASSED] - waitForElementPresent(findTestObject("Object Repository/BOT/Page_Edenor Clientes/div_Hola soy el asistente virt"), 0): Object 'Object Repository/BOT/Page_Edenor Clientes/div_Hola soy el asistente virt' is present

2019-01-06 15:05:00 - [MESSAGE][WARNING] - Timeout '0' is invalid. Using default page load timeout: '30'

2019-01-06 15:05:00 - [MESSAGE][PASSED] - Object 'Object Repository/BOT/Page_Edenor Clientes/div_Hola soy el asistente virt' is present

2019-01-06 15:05:00 - [TEST_STEP][PASSED] - setText(findTestObject("Object Repository/BOT/Page_Edenor Clientes/input_Hola_wdrgy-wc-shellinput"), "Hola"): Text 'Hola' is set on object 'Object Repository/BOT/Page_Edenor Clientes/input_Hola_wdrgy-wc-shellinput'

2019-01-06 15:05:00 - [MESSAGE][PASSED] - Text 'Hola' is set on object 'Object Repository/BOT/Page_Edenor Clientes/input_Hola_wdrgy-wc-shellinput'

2019-01-06 15:05:00 - [TEST_STEP][PASSED] - click(findTestObject("Object Repository/BOT/Page_Edenor Clientes/img_edenor_wdrgy-console-icon")): Object: 'Object Repository/BOT/Page_Edenor Clientes/img_edenor_wdrgy-console-icon' is clicked on

2019-01-06 15:05:01 - [MESSAGE][PASSED] - Object: 'Object Repository/BOT/Page_Edenor Clientes/img_edenor_wdrgy-console-icon' is clicked on

2019-01-06 15:05:01 - [TEST_STEP][PASSED] - verifyElementPresent(findTestObject("Object Repository/BOT/Page_Edenor Clientes/p_Hola Espero que ests muy bie"), 0): Object 'Object Repository/BOT/Page_Edenor Clientes/p_Hola Espero que ests muy bie' is present

2019-01-06 15:05:01 - [MESSAGE][WARNING] - Timeout '0' is invalid. Using default page load timeout: '30'

2019-01-06 15:05:02 - [MESSAGE][PASSED] - Object 'Object Repository/BOT/Page_Edenor Clientes/p_Hola Espero que ests muy bie' is present

2019-01-06 15:05:02 - [TEST_STEP][PASSED] - delay(5): Delayed 5 second(s)

2019-01-06 15:05:07 - [MESSAGE][PASSED] - Delayed 5 second(s)

2019-01-06 15:05:07 - [TEST_STEP][PASSED] - setText(findTestObject("Object Repository/BOT/Page_Edenor Clientes/input_Resolv tu consulta_wdrgy"), "Informacion"): Text 'Informacion' is set on object 'Object Repository/BOT/Page_Edenor Clientes/input_Resolv tu consulta_wdrgy'

2019-01-06 15:05:08 - [MESSAGE][PASSED] - Text 'Informacion' is set on object 'Object Repository/BOT/Page_Edenor Clientes/input_Resolv tu consulta_wdrgy'

2019-01-06 15:05:08 - [TEST_STEP][PASSED] - click(findTestObject("Object Repository/BOT/Page_Edenor Clientes/img_Resolv tu consulta_wdrgy-c")): Object: 'Object Repository/BOT/Page_Edenor Clientes/img_Resolv tu consulta_wdrgy-c' is clicked on

2019-01-06 15:05:08 - [MESSAGE][PASSED] - Object: 'Object Repository/BOT/Page_Edenor Clientes/img_Resolv tu consulta_wdrgy-c' is clicked on

2019-01-06 15:05:08 - [TEST_STEP][PASSED] - delay(5): Delayed 5 second(s)

2019-01-06 15:05:13 - [MESSAGE][PASSED] - Delayed 5 second(s)

2019-01-06 15:05:13 - [TEST_STEP][PASSED] - waitForElementVisible(findTestObject("Object Repository/BOT/Page_Edenor Clientes/p_MIDE es la nueva forma de co"), 0): Object 'Object Repository/BOT/Page_Edenor Clientes/p_MIDE es la nueva forma de co' is visible

2019-01-06 15:05:13 - [MESSAGE][WARNING] - Timeout '0' is invalid. Using default page load timeout: '30'

2019-01-06 15:05:13 - [MESSAGE][PASSED] - Object 'Object Repository/BOT/Page_Edenor Clientes/p_MIDE es la nueva forma de co' is visible

2019-01-06 15:05:13 - [TEST_STEP][PASSED] - setText(findTestObject("Object Repository/BOT/Page_Edenor Clientes/input_Resolv tu consulta_wdrgy"), "Gracias"): Text 'Gracias' is set on object 'Object Repository/BOT/Page_Edenor Clientes/input_Resolv tu consulta_wdrgy'

2019-01-06 15:05:13 - [MESSAGE][PASSED] - Text 'Gracias' is set on object 'Object Repository/BOT/Page_Edenor Clientes/input_Resolv tu consulta_wdrgy'

2019-01-06 15:05:13 - [TEST_STEP][PASSED] - click(findTestObject("Object Repository/BOT/Page_Edenor Clientes/img_Resolv tu consulta_wdrgy-c")): Object: 'Object Repository/BOT/Page_Edenor Clientes/img_Resolv tu consulta_wdrgy-c' is clicked on

2019-01-06 15:05:14 - [MESSAGE][PASSED] - Object: 'Object Repository/BOT/Page_Edenor Clientes/img_Resolv tu consulta_wdrgy-c' is clicked on

2019-01-06 15:05:14 - [TEST_STEP][PASSED] - delay(5): Delayed 5 second(s)

2019-01-06 15:05:19 - [MESSAGE][PASSED] - Delayed 5 second(s)

2019-01-06 15:05:19 - [TEST_STEP][ERROR] - Start listener action : sampleAfterTestCase: org.codehaus.groovy.runtime.InvokerInvocationException: groovy.lang.MissingMethodException: No signature of method: NewTestListener.{"text": () is applicable for argument types: (java.lang.String) values: [Test Cases/EdenorBOT]

2019-01-06 15:05:19 - [TEST_STEP][PASSED] - endpoint = "https://hooks.slack.com/services/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": null

2019-01-06 15:05:19 - [TEST_STEP][PASSED] - requestMethod = "POST": null

2019-01-06 15:05:19 - [TEST_STEP][PASSED] - header2 = new com.kms.katalon.core.testobject.TestObjectProperty(Content-Type, com.kms.katalon.core.testobject.ConditionType.EQUALS, application/json): null

2019-01-06 15:05:19 - [TEST_STEP][PASSED] - defaultHeaders = Arrays.asList(header2): null

2019-01-06 15:05:19 - [TEST_STEP][PASSED] - testCaseId = testCaseContext.getTestCaseId(): null

2019-01-06 15:05:19 - [TEST_STEP][ERROR] - body =  + "TC FAILED"}: org.codehaus.groovy.runtime.InvokerInvocationException: groovy.lang.MissingMethodException: No signature of method: NewTestListener.{"text": () is applicable for argument types: (java.lang.String) values: [Test Cases/EdenorBOT]

2019-01-06 15:05:19 - [MESSAGE][ERROR] - org.codehaus.groovy.runtime.InvokerInvocationException: groovy.lang.MissingMethodException: No signature of method: NewTestListener.{"text": () is applicable for argument types: (java.lang.String) values: [Test Cases/EdenorBOT]]]></system-out>
         <system-err><![CDATA[]]></system-err>
      </testcase>
      <system-out><![CDATA[2019-01-06 15:04:48 - [TEST_SUITE][PASSED] - New Test Suite: Test Cases/EdenorBOT]]></system-out>
      <system-err><![CDATA[]]></system-err>
   </testsuite>
</testsuites>
