<?xml version="1.0" encoding="UTF-8"?>
<testsuites name="New Test Suite" time="10" tests="1" failures="0" errors="0">
   <testsuite name="New Test Suite" tests="1" failures="0" errors="0" time="10" timestamp="2019-01-06 14:55:37" hostname="marce - FOLIO" id="Test Suites/New Test Suite">
      <properties>
         <property name="deviceName" value=""/>
         <property name="devicePlatform" value=""/>
         <property name="logFolder" value="C:\\Katalon\\Bot\\Reports\\New Test Suite\\20190106_145529"/>
         <property name="logFiles" value="C:\\Katalon\\Bot\\Reports\\New Test Suite\\20190106_145529\\execution0.log"/>
         <property name="attachments" value=""/>
         <property name="hostName" value="marce - FOLIO"/>
         <property name="os" value="Windows 10 64bit"/>
         <property name="katalonVersion" value="5.10.1.1"/>
         <property name="browser" value="Firefox 64.0"/>
         <property name="hostAddress" value="192.168.56.1"/>
         <property name="sessionId" value="fe4bc405-bc49-44d8-817d-7b17511c4322"/>
         <property name="seleniumVersion" value="3.7.1"/>
         <property name="proxyInformation" value="ProxyInformation{proxyOption=NO_PROXY, proxyServerType=HTTP, password=, proxyServerAddress=, proxyServerPort=0}"/>
         <property name="platform" value="Windows 10"/>
      </properties>
      <testcase name="Test Cases/EdenorBOT" classname="Test Cases/EdenorBOT" status="PASSED">
         <system-out><![CDATA[2019-01-06 14:55:39 - [TEST_CASE][PASSED] - Test Cases/EdenorBOT: Test Cases/EdenorBOT

2019-01-06 14:55:39 - [TEST_STEP][PASSED] - openBrowser(""): Browser is opened with url: ''

2019-01-06 14:55:40 - [MESSAGE][INFO] - Starting 'Firefox' driver

2019-01-06 14:55:40 - [MESSAGE][INFO] - Action delay is set to 0 seconds

2019-01-06 14:55:46 - [MESSAGE][PASSED] - Browser is opened with url: ''

2019-01-06 14:55:46 - [TEST_STEP][NOT_RUN] - navigateToUrl("http://www.edenor.com.ar/cms/SP/CLI/home.html"): NOT_RUN: navigateToUrl("http://www.edenor.com.ar/cms/SP/CLI/home.html")

2019-01-06 14:55:46 - [MESSAGE][NOT_RUN] - NOT_RUN: navigateToUrl("http://www.edenor.com.ar/cms/SP/CLI/home.html")

2019-01-06 14:55:46 - [TEST_STEP][NOT_RUN] - waitForElementClickable(findTestObject("Object Repository/BOT/Page_Edenor Clientes/img"), 0): NOT_RUN: waitForElementClickable(findTestObject("Object Repository/BOT/Page_Edenor Clientes/img"), 0)

2019-01-06 14:55:46 - [MESSAGE][NOT_RUN] - NOT_RUN: waitForElementClickable(findTestObject("Object Repository/BOT/Page_Edenor Clientes/img"), 0)

2019-01-06 14:55:46 - [TEST_STEP][NOT_RUN] - click(findTestObject("Object Repository/BOT/Page_Edenor Clientes/img")): NOT_RUN: click(findTestObject("Object Repository/BOT/Page_Edenor Clientes/img"))

2019-01-06 14:55:46 - [MESSAGE][NOT_RUN] - NOT_RUN: click(findTestObject("Object Repository/BOT/Page_Edenor Clientes/img"))

2019-01-06 14:55:46 - [TEST_STEP][NOT_RUN] - waitForElementPresent(findTestObject("Object Repository/BOT/Page_Edenor Clientes/div_Hola soy el asistente virt"), 0): NOT_RUN: waitForElementPresent(findTestObject("Object Repository/BOT/Page_Edenor Clientes/div_Hola soy el asistente virt"), 0)

2019-01-06 14:55:46 - [MESSAGE][NOT_RUN] - NOT_RUN: waitForElementPresent(findTestObject("Object Repository/BOT/Page_Edenor Clientes/div_Hola soy el asistente virt"), 0)

2019-01-06 14:55:46 - [TEST_STEP][NOT_RUN] - setText(findTestObject("Object Repository/BOT/Page_Edenor Clientes/input_Hola_wdrgy-wc-shellinput"), "Hola"): NOT_RUN: setText(findTestObject("Object Repository/BOT/Page_Edenor Clientes/input_Hola_wdrgy-wc-shellinput"), "Hola")

2019-01-06 14:55:46 - [MESSAGE][NOT_RUN] - NOT_RUN: setText(findTestObject("Object Repository/BOT/Page_Edenor Clientes/input_Hola_wdrgy-wc-shellinput"), "Hola")

2019-01-06 14:55:46 - [TEST_STEP][NOT_RUN] - click(findTestObject("Object Repository/BOT/Page_Edenor Clientes/img_edenor_wdrgy-console-icon")): NOT_RUN: click(findTestObject("Object Repository/BOT/Page_Edenor Clientes/img_edenor_wdrgy-console-icon"))

2019-01-06 14:55:46 - [MESSAGE][NOT_RUN] - NOT_RUN: click(findTestObject("Object Repository/BOT/Page_Edenor Clientes/img_edenor_wdrgy-console-icon"))

2019-01-06 14:55:46 - [TEST_STEP][NOT_RUN] - verifyElementPresent(findTestObject("Object Repository/BOT/Page_Edenor Clientes/p_Hola Espero que ests muy bie"), 0): NOT_RUN: verifyElementPresent(findTestObject("Object Repository/BOT/Page_Edenor Clientes/p_Hola Espero que ests muy bie"), 0)

2019-01-06 14:55:46 - [MESSAGE][NOT_RUN] - NOT_RUN: verifyElementPresent(findTestObject("Object Repository/BOT/Page_Edenor Clientes/p_Hola Espero que ests muy bie"), 0)

2019-01-06 14:55:46 - [TEST_STEP][NOT_RUN] - delay(5): NOT_RUN: delay(5)

2019-01-06 14:55:46 - [MESSAGE][NOT_RUN] - NOT_RUN: delay(5)

2019-01-06 14:55:46 - [TEST_STEP][NOT_RUN] - setText(findTestObject("Object Repository/BOT/Page_Edenor Clientes/input_Resolv tu consulta_wdrgy"), "Informacion"): NOT_RUN: setText(findTestObject("Object Repository/BOT/Page_Edenor Clientes/input_Resolv tu consulta_wdrgy"), "Informacion")

2019-01-06 14:55:46 - [MESSAGE][NOT_RUN] - NOT_RUN: setText(findTestObject("Object Repository/BOT/Page_Edenor Clientes/input_Resolv tu consulta_wdrgy"), "Informacion")

2019-01-06 14:55:46 - [TEST_STEP][NOT_RUN] - click(findTestObject("Object Repository/BOT/Page_Edenor Clientes/img_Resolv tu consulta_wdrgy-c")): NOT_RUN: click(findTestObject("Object Repository/BOT/Page_Edenor Clientes/img_Resolv tu consulta_wdrgy-c"))

2019-01-06 14:55:46 - [MESSAGE][NOT_RUN] - NOT_RUN: click(findTestObject("Object Repository/BOT/Page_Edenor Clientes/img_Resolv tu consulta_wdrgy-c"))

2019-01-06 14:55:46 - [TEST_STEP][NOT_RUN] - delay(5): NOT_RUN: delay(5)

2019-01-06 14:55:46 - [MESSAGE][NOT_RUN] - NOT_RUN: delay(5)

2019-01-06 14:55:46 - [TEST_STEP][NOT_RUN] - waitForElementVisible(findTestObject("Object Repository/BOT/Page_Edenor Clientes/p_MIDE es la nueva forma de co"), 0): NOT_RUN: waitForElementVisible(findTestObject("Object Repository/BOT/Page_Edenor Clientes/p_MIDE es la nueva forma de co"), 0)

2019-01-06 14:55:46 - [MESSAGE][NOT_RUN] - NOT_RUN: waitForElementVisible(findTestObject("Object Repository/BOT/Page_Edenor Clientes/p_MIDE es la nueva forma de co"), 0)

2019-01-06 14:55:46 - [TEST_STEP][NOT_RUN] - setText(findTestObject("Object Repository/BOT/Page_Edenor Clientes/input_Resolv tu consulta_wdrgy"), "Gracias"): NOT_RUN: setText(findTestObject("Object Repository/BOT/Page_Edenor Clientes/input_Resolv tu consulta_wdrgy"), "Gracias")

2019-01-06 14:55:46 - [MESSAGE][NOT_RUN] - NOT_RUN: setText(findTestObject("Object Repository/BOT/Page_Edenor Clientes/input_Resolv tu consulta_wdrgy"), "Gracias")

2019-01-06 14:55:46 - [TEST_STEP][NOT_RUN] - click(findTestObject("Object Repository/BOT/Page_Edenor Clientes/img_Resolv tu consulta_wdrgy-c")): NOT_RUN: click(findTestObject("Object Repository/BOT/Page_Edenor Clientes/img_Resolv tu consulta_wdrgy-c"))

2019-01-06 14:55:46 - [MESSAGE][NOT_RUN] - NOT_RUN: click(findTestObject("Object Repository/BOT/Page_Edenor Clientes/img_Resolv tu consulta_wdrgy-c"))

2019-01-06 14:55:46 - [TEST_STEP][NOT_RUN] - delay(5): NOT_RUN: delay(5)

2019-01-06 14:55:46 - [MESSAGE][NOT_RUN] - NOT_RUN: delay(5)

2019-01-06 14:55:46 - [TEST_STEP][PASSED] - Start listener action : sampleAfterTestCase: null

2019-01-06 14:55:46 - [TEST_STEP][PASSED] - status = testCaseContext.getTestCaseStatus(): null

2019-01-06 14:55:46 - [TEST_STEP][PASSED] - if (status == "FAILED"): null]]></system-out>
         <system-err><![CDATA[]]></system-err>
      </testcase>
      <system-out><![CDATA[2019-01-06 14:55:37 - [TEST_SUITE][PASSED] - New Test Suite: Test Cases/EdenorBOT]]></system-out>
      <system-err><![CDATA[]]></system-err>
   </testsuite>
</testsuites>
