<?xml version="1.0" encoding="UTF-8"?>
<testsuites name="New Test Suite" time="44" tests="1" failures="0" errors="0">
   <testsuite name="New Test Suite" tests="1" failures="0" errors="0" time="44" timestamp="2019-01-05 14:51:23" hostname="marce - FOLIO" id="Test Suites/New Test Suite">
      <properties>
         <property name="deviceName" value=""/>
         <property name="devicePlatform" value=""/>
         <property name="logFolder" value="C:\\Katalon\\Bot\\Reports\\New Test Suite\\20190105_145120"/>
         <property name="logFiles" value="C:\\Katalon\\Bot\\Reports\\New Test Suite\\20190105_145120\\execution0.log"/>
         <property name="attachments" value=""/>
         <property name="hostName" value="marce - FOLIO"/>
         <property name="os" value="Windows 10 64bit"/>
         <property name="katalonVersion" value="5.10.1.1"/>
         <property name="browser" value="Firefox 64.0"/>
         <property name="hostAddress" value="192.168.56.1"/>
         <property name="sessionId" value="e12a4f21-23ef-4cb8-97ac-f14eca50420d"/>
         <property name="seleniumVersion" value="3.7.1"/>
         <property name="proxyInformation" value="ProxyInformation{proxyOption=NO_PROXY, proxyServerType=HTTP, password=, proxyServerAddress=, proxyServerPort=0}"/>
         <property name="platform" value="Windows 10"/>
      </properties>
      <testcase name="Test Cases/EdenorBOT" classname="Test Cases/EdenorBOT" status="PASSED">
         <system-out><![CDATA[2019-01-05 14:51:24 - [TEST_CASE][PASSED] - Test Cases/EdenorBOT: Test Cases/EdenorBOT

2019-01-05 14:51:24 - [TEST_STEP][PASSED] - Start setup action : setupTestCase: Method 'setupTestCase' complete successfully

2019-01-05 14:51:24 - [MESSAGE][PASSED] - Method 'setupTestCase' complete successfully

2019-01-05 14:51:25 - [TEST_STEP][PASSED] - openBrowser(""): Browser is opened with url: ''

2019-01-05 14:51:25 - [MESSAGE][INFO] - Starting 'Firefox' driver

2019-01-05 14:51:26 - [MESSAGE][INFO] - Action delay is set to 0 seconds

2019-01-05 14:51:34 - [MESSAGE][PASSED] - Browser is opened with url: ''

2019-01-05 14:51:34 - [TEST_STEP][PASSED] - navigateToUrl("http://www.edenor.com.ar/cms/SP/CLI/home.html"): Navigate to 'http://www.edenor.com.ar/cms/SP/CLI/home.html' successfully

2019-01-05 14:51:42 - [MESSAGE][PASSED] - Navigate to 'http://www.edenor.com.ar/cms/SP/CLI/home.html' successfully

2019-01-05 14:51:42 - [TEST_STEP][PASSED] - waitForElementClickable(findTestObject("Object Repository/BOT/Page_Edenor Clientes/img"), 0): Object 'Object Repository/BOT/Page_Edenor Clientes/img' is clickable

2019-01-05 14:51:42 - [MESSAGE][WARNING] - Timeout '0' is invalid. Using default page load timeout: '30'

2019-01-05 14:51:42 - [MESSAGE][PASSED] - Object 'Object Repository/BOT/Page_Edenor Clientes/img' is clickable

2019-01-05 14:51:42 - [TEST_STEP][PASSED] - click(findTestObject("Object Repository/BOT/Page_Edenor Clientes/img")): Object: 'Object Repository/BOT/Page_Edenor Clientes/img' is clicked on

2019-01-05 14:51:42 - [MESSAGE][PASSED] - Object: 'Object Repository/BOT/Page_Edenor Clientes/img' is clicked on

2019-01-05 14:51:42 - [TEST_STEP][PASSED] - waitForElementPresent(findTestObject("Object Repository/BOT/Page_Edenor Clientes/div_Hola soy el asistente virt"), 0): Object 'Object Repository/BOT/Page_Edenor Clientes/div_Hola soy el asistente virt' is present

2019-01-05 14:51:42 - [MESSAGE][WARNING] - Timeout '0' is invalid. Using default page load timeout: '30'

2019-01-05 14:51:42 - [MESSAGE][PASSED] - Object 'Object Repository/BOT/Page_Edenor Clientes/div_Hola soy el asistente virt' is present

2019-01-05 14:51:42 - [TEST_STEP][PASSED] - setText(findTestObject("Object Repository/BOT/Page_Edenor Clientes/input_Hola_wdrgy-wc-shellinput"), "Hola"): Text 'Hola' is set on object 'Object Repository/BOT/Page_Edenor Clientes/input_Hola_wdrgy-wc-shellinput'

2019-01-05 14:51:42 - [MESSAGE][PASSED] - Text 'Hola' is set on object 'Object Repository/BOT/Page_Edenor Clientes/input_Hola_wdrgy-wc-shellinput'

2019-01-05 14:51:42 - [TEST_STEP][PASSED] - click(findTestObject("Object Repository/BOT/Page_Edenor Clientes/img_edenor_wdrgy-console-icon")): Object: 'Object Repository/BOT/Page_Edenor Clientes/img_edenor_wdrgy-console-icon' is clicked on

2019-01-05 14:51:43 - [MESSAGE][PASSED] - Object: 'Object Repository/BOT/Page_Edenor Clientes/img_edenor_wdrgy-console-icon' is clicked on

2019-01-05 14:51:43 - [TEST_STEP][PASSED] - verifyElementPresent(findTestObject("Object Repository/BOT/Page_Edenor Clientes/p_Hola Espero que ests muy bie"), 0): Object 'Object Repository/BOT/Page_Edenor Clientes/p_Hola Espero que ests muy bie' is present

2019-01-05 14:51:43 - [MESSAGE][WARNING] - Timeout '0' is invalid. Using default page load timeout: '30'

2019-01-05 14:51:45 - [MESSAGE][PASSED] - Object 'Object Repository/BOT/Page_Edenor Clientes/p_Hola Espero que ests muy bie' is present

2019-01-05 14:51:45 - [TEST_STEP][PASSED] - delay(5): Delayed 5 second(s)

2019-01-05 14:51:50 - [MESSAGE][PASSED] - Delayed 5 second(s)

2019-01-05 14:51:50 - [TEST_STEP][PASSED] - setText(findTestObject("Object Repository/BOT/Page_Edenor Clientes/input_Resolv tu consulta_wdrgy"), "Informacion"): Text 'Informacion' is set on object 'Object Repository/BOT/Page_Edenor Clientes/input_Resolv tu consulta_wdrgy'

2019-01-05 14:51:50 - [MESSAGE][PASSED] - Text 'Informacion' is set on object 'Object Repository/BOT/Page_Edenor Clientes/input_Resolv tu consulta_wdrgy'

2019-01-05 14:51:50 - [TEST_STEP][PASSED] - click(findTestObject("Object Repository/BOT/Page_Edenor Clientes/img_Resolv tu consulta_wdrgy-c")): Object: 'Object Repository/BOT/Page_Edenor Clientes/img_Resolv tu consulta_wdrgy-c' is clicked on

2019-01-05 14:51:50 - [MESSAGE][PASSED] - Object: 'Object Repository/BOT/Page_Edenor Clientes/img_Resolv tu consulta_wdrgy-c' is clicked on

2019-01-05 14:51:50 - [TEST_STEP][PASSED] - delay(5): Delayed 5 second(s)

2019-01-05 14:51:55 - [MESSAGE][PASSED] - Delayed 5 second(s)

2019-01-05 14:51:55 - [TEST_STEP][PASSED] - waitForElementVisible(findTestObject("Object Repository/BOT/Page_Edenor Clientes/p_MIDE es la nueva forma de co"), 0): Object 'Object Repository/BOT/Page_Edenor Clientes/p_MIDE es la nueva forma de co' is visible

2019-01-05 14:51:55 - [MESSAGE][WARNING] - Timeout '0' is invalid. Using default page load timeout: '30'

2019-01-05 14:51:56 - [MESSAGE][PASSED] - Object 'Object Repository/BOT/Page_Edenor Clientes/p_MIDE es la nueva forma de co' is visible

2019-01-05 14:51:56 - [TEST_STEP][PASSED] - setText(findTestObject("Object Repository/BOT/Page_Edenor Clientes/input_Resolv tu consulta_wdrgy"), "Gracias"): Text 'Gracias' is set on object 'Object Repository/BOT/Page_Edenor Clientes/input_Resolv tu consulta_wdrgy'

2019-01-05 14:51:56 - [MESSAGE][PASSED] - Text 'Gracias' is set on object 'Object Repository/BOT/Page_Edenor Clientes/input_Resolv tu consulta_wdrgy'

2019-01-05 14:51:56 - [TEST_STEP][PASSED] - click(findTestObject("Object Repository/BOT/Page_Edenor Clientes/img_Resolv tu consulta_wdrgy-c")): Object: 'Object Repository/BOT/Page_Edenor Clientes/img_Resolv tu consulta_wdrgy-c' is clicked on

2019-01-05 14:51:56 - [MESSAGE][PASSED] - Object: 'Object Repository/BOT/Page_Edenor Clientes/img_Resolv tu consulta_wdrgy-c' is clicked on

2019-01-05 14:51:56 - [TEST_STEP][PASSED] - delay(5): Delayed 5 second(s)

2019-01-05 14:52:01 - [MESSAGE][PASSED] - Delayed 5 second(s)

2019-01-05 14:52:01 - [TEST_STEP][PASSED] - Start tear down : tearDownTestCase: Method 'tearDownTestCase' complete successfully

2019-01-05 14:52:01 - [TEST_STEP][PASSED] - slackMessage = findTestObject("SlackWSO"): null

2019-01-05 14:52:01 - [TEST_STEP][PASSED] - response = sendRequest(slackMessage): Send request successfully

2019-01-05 14:52:06 - [MESSAGE][INFO] - HAR: C:\Katalon\Bot\Reports\New Test Suite\20190105_145120\requests\main\0.har

2019-01-05 14:52:06 - [MESSAGE][PASSED] - Send request successfully

2019-01-05 14:52:06 - [MESSAGE][PASSED] - Method 'tearDownTestCase' complete successfully]]></system-out>
         <system-err><![CDATA[]]></system-err>
      </testcase>
      <system-out><![CDATA[2019-01-05 14:51:23 - [TEST_SUITE][PASSED] - New Test Suite: Test Cases/EdenorBOT]]></system-out>
      <system-err><![CDATA[]]></system-err>
   </testsuite>
</testsuites>
